2025-08-26T16:46:28.584Z [INFO] 🎯 Запуск RingCentral WebPhone Bridge...
2025-08-26T16:46:28.585Z [INFO] 📋 Конфигурация:
2025-08-26T16:46:28.585Z [INFO]    Client ID: your_clien...
2025-08-26T16:46:28.585Z [INFO]    Server: https://platform.ringcentral.com
2025-08-26T16:46:28.585Z [INFO]    Python Server: http://localhost:5000
2025-08-26T16:46:28.585Z [INFO] 🚀 Инициализация RingCentral SDK...
2025-08-26T16:46:28.586Z [INFO] 🔐 Авторизация через JWT токен...
2025-08-26T16:46:30.289Z [ERROR] ❌ Ошибка инициализации RingCentral: Invalid client application: [your_client_id]
2025-08-26T16:46:57.380Z [INFO] 🎯 Запуск RingCentral WebPhone Bridge...
2025-08-26T16:46:57.381Z [INFO] 📋 Конфигурация:
2025-08-26T16:46:57.382Z [INFO]    Client ID: bXCZ510zNm...
2025-08-26T16:46:57.382Z [INFO]    Server: https://platform.ringcentral.com
2025-08-26T16:46:57.382Z [INFO]    Python Server: http://localhost:5000
2025-08-26T16:46:57.382Z [INFO] 🚀 Инициализация RingCentral SDK...
2025-08-26T16:46:57.382Z [INFO] 🔐 Авторизация через JWT токен...
2025-08-26T16:46:58.069Z [INFO] ✅ RingCentral SDK успешно инициализирован
2025-08-26T16:46:58.445Z [INFO] 📞 Расширение: 102
2025-08-26T16:46:58.445Z [INFO] 👤 Пользователь: Alex Bakhronov
2025-08-26T16:46:58.446Z [INFO] 📞 Инициализация WebPhone...
2025-08-26T16:46:58.980Z [ERROR] ❌ Ошибка инициализации WebPhone: WebPhone is not a constructor
2025-08-26T16:47:47.235Z [INFO] 🎯 Запуск RingCentral WebPhone Bridge...
2025-08-26T16:47:47.236Z [INFO] 📋 Конфигурация:
2025-08-26T16:47:47.236Z [INFO]    Client ID: bXCZ510zNm...
2025-08-26T16:47:47.236Z [INFO]    Server: https://platform.ringcentral.com
2025-08-26T16:47:47.236Z [INFO]    Python Server: http://localhost:5000
2025-08-26T16:47:47.236Z [INFO] 🚀 Инициализация RingCentral SDK...
2025-08-26T16:47:47.237Z [INFO] 🔐 Авторизация через JWT токен...
2025-08-26T16:47:47.890Z [INFO] ✅ RingCentral SDK успешно инициализирован
2025-08-26T16:47:48.406Z [INFO] 📞 Расширение: 102
2025-08-26T16:47:48.407Z [INFO] 👤 Пользователь: Alex Bakhronov
2025-08-26T16:47:48.407Z [INFO] 📞 Инициализация WebPhone...
2025-08-26T16:47:48.806Z [ERROR] ❌ Ошибка инициализации WebPhone: Cannot read properties of undefined (reading 'username')
2025-08-26T16:48:29.250Z [INFO] 🎯 Запуск RingCentral WebPhone Bridge...
2025-08-26T16:48:29.251Z [INFO] 📋 Конфигурация:
2025-08-26T16:48:29.251Z [INFO]    Client ID: bXCZ510zNm...
2025-08-26T16:48:29.251Z [INFO]    Server: https://platform.ringcentral.com
2025-08-26T16:48:29.252Z [INFO]    Python Server: http://localhost:5000
2025-08-26T16:48:29.252Z [INFO] 🚀 Инициализация RingCentral SDK...
2025-08-26T16:48:29.252Z [INFO] 🔐 Авторизация через JWT токен...
2025-08-26T16:48:30.221Z [INFO] ✅ RingCentral SDK успешно инициализирован
2025-08-26T16:48:30.569Z [INFO] 📞 Расширение: 102
2025-08-26T16:48:30.569Z [INFO] 👤 Пользователь: Alex Bakhronov
2025-08-26T16:48:30.569Z [INFO] 📞 Инициализация WebPhone...
2025-08-26T16:48:30.570Z [INFO] 🔍 Получение SIP данных для WebPhone...
2025-08-26T16:48:30.938Z [INFO] 📋 Полученные SIP данные:
2025-08-26T16:49:01.209Z [INFO] 🎯 Запуск RingCentral WebPhone Bridge...
2025-08-26T16:49:01.210Z [INFO] 📋 Конфигурация:
2025-08-26T16:49:01.210Z [INFO]    Client ID: bXCZ510zNm...
2025-08-26T16:49:01.210Z [INFO]    Server: https://platform.ringcentral.com
2025-08-26T16:49:01.210Z [INFO]    Python Server: http://localhost:5000
2025-08-26T16:49:01.210Z [INFO] 🚀 Инициализация RingCentral SDK...
2025-08-26T16:49:01.211Z [INFO] 🔐 Авторизация через JWT токен...
2025-08-26T16:49:02.212Z [INFO] ✅ RingCentral SDK успешно инициализирован
2025-08-26T16:49:02.679Z [INFO] 📞 Расширение: 102
2025-08-26T16:49:02.679Z [INFO] 👤 Пользователь: Alex Bakhronov
2025-08-26T16:49:02.679Z [INFO] 📞 Инициализация WebPhone...
2025-08-26T16:49:02.679Z [INFO] 🔍 Получение SIP данных для WebPhone...
2025-08-26T16:49:03.079Z [INFO] 📋 Полученные SIP данные:
2025-08-26T16:49:32.874Z [INFO] 🎯 Запуск RingCentral WebPhone Bridge...
2025-08-26T16:49:32.875Z [INFO] 📋 Конфигурация:
2025-08-26T16:49:32.875Z [INFO]    Client ID: bXCZ510zNm...
2025-08-26T16:49:32.875Z [INFO]    Server: https://platform.ringcentral.com
2025-08-26T16:49:32.875Z [INFO]    Python Server: http://localhost:5000
2025-08-26T16:49:32.875Z [INFO] 🚀 Инициализация RingCentral SDK...
2025-08-26T16:49:32.876Z [INFO] 🔐 Авторизация через JWT токен...
2025-08-26T16:49:33.599Z [INFO] ✅ RingCentral SDK успешно инициализирован
2025-08-26T16:49:33.965Z [INFO] 📞 Расширение: 102
2025-08-26T16:49:33.966Z [INFO] 👤 Пользователь: Alex Bakhronov
2025-08-26T16:49:33.966Z [INFO] 📞 Инициализация WebPhone...
2025-08-26T16:49:33.966Z [INFO] 🔍 Получение SIP данных для WebPhone...
2025-08-26T16:49:34.379Z [INFO] 📋 Полученные SIP данные:
2025-08-26T16:55:15.344Z [INFO] 🎯 Запуск RingCentral WebPhone Bridge...
2025-08-26T16:55:15.345Z [INFO] 📋 Конфигурация:
2025-08-26T16:55:15.346Z [INFO]    Client ID: bXCZ510zNm...
2025-08-26T16:55:15.346Z [INFO]    Server: https://platform.ringcentral.com
2025-08-26T16:55:15.346Z [INFO]    Python Server: http://localhost:5000
2025-08-26T16:55:15.346Z [INFO] 🚀 Инициализация RingCentral SDK...
2025-08-26T16:55:15.347Z [INFO] 🔐 Авторизация через JWT токен...
2025-08-26T16:55:16.133Z [INFO] ✅ RingCentral SDK успешно инициализирован
2025-08-26T16:55:16.522Z [INFO] 📞 Расширение: 102
2025-08-26T16:55:16.523Z [INFO] 👤 Пользователь: Alex Bakhronov
2025-08-26T16:55:16.523Z [INFO] 📞 Инициализация WebPhone...
2025-08-26T16:55:16.523Z [INFO] 🔍 Получение SIP данных для WebPhone...
2025-08-26T16:55:16.897Z [INFO] 📋 Полученные SIP данные:
2025-08-26T16:55:26.179Z [INFO] 🎯 Запуск RingCentral WebPhone Bridge...
2025-08-26T16:55:26.180Z [INFO] 📋 Конфигурация:
2025-08-26T16:55:26.180Z [INFO]    Client ID: bXCZ510zNm...
2025-08-26T16:55:26.180Z [INFO]    Server: https://platform.ringcentral.com
2025-08-26T16:55:26.180Z [INFO]    Python Server: http://localhost:5000
2025-08-26T16:55:26.180Z [INFO] 🚀 Инициализация RingCentral SDK...
2025-08-26T16:55:26.181Z [INFO] 🔐 Авторизация через JWT токен...
2025-08-26T16:55:26.863Z [INFO] ✅ RingCentral SDK успешно инициализирован
2025-08-26T16:55:27.203Z [INFO] 📞 Расширение: 102
2025-08-26T16:55:27.203Z [INFO] 👤 Пользователь: Alex Bakhronov
2025-08-26T16:55:27.203Z [INFO] 📞 Инициализация WebPhone...
2025-08-26T16:55:27.204Z [INFO] 🔍 Получение SIP данных для WebPhone...
2025-08-26T16:55:27.671Z [INFO] 📋 Полученные SIP данные:
2025-08-26T16:55:41.415Z [INFO] 🎯 Запуск RingCentral WebPhone Bridge...
2025-08-26T16:55:41.416Z [INFO] 📋 Конфигурация:
2025-08-26T16:55:41.416Z [INFO]    Client ID: bXCZ510zNm...
2025-08-26T16:55:41.416Z [INFO]    Server: https://platform.ringcentral.com
2025-08-26T16:55:41.416Z [INFO]    Python Server: http://localhost:5000
2025-08-26T16:55:41.417Z [INFO] 🚀 Инициализация RingCentral SDK...
2025-08-26T16:55:41.417Z [INFO] 🔐 Авторизация через JWT токен...
2025-08-26T16:55:42.133Z [INFO] ✅ RingCentral SDK успешно инициализирован
2025-08-26T16:55:42.586Z [INFO] 📞 Расширение: 102
2025-08-26T16:55:42.586Z [INFO] 👤 Пользователь: Alex Bakhronov
2025-08-26T16:55:42.586Z [INFO] 📞 Инициализация WebPhone...
2025-08-26T16:55:42.586Z [INFO] 🔍 Получение SIP данных для WebPhone...
2025-08-26T16:55:43.024Z [INFO] 📋 Полученные SIP данные:
2025-08-26T16:55:45.221Z [INFO] 🎯 Запуск RingCentral WebPhone Bridge...
2025-08-26T16:55:45.223Z [INFO] 📋 Конфигурация:
2025-08-26T16:55:45.223Z [INFO]    Client ID: bXCZ510zNm...
2025-08-26T16:55:45.223Z [INFO]    Server: https://platform.ringcentral.com
2025-08-26T16:55:45.223Z [INFO]    Python Server: http://localhost:5000
2025-08-26T16:55:45.223Z [INFO] 🚀 Инициализация RingCentral SDK...
2025-08-26T16:55:45.224Z [INFO] 🔐 Авторизация через JWT токен...
2025-08-26T16:55:46.932Z [INFO] ✅ RingCentral SDK успешно инициализирован
2025-08-26T16:55:47.427Z [INFO] 📞 Расширение: 102
2025-08-26T16:55:47.427Z [INFO] 👤 Пользователь: Alex Bakhronov
2025-08-26T16:55:47.427Z [INFO] 📞 Инициализация WebPhone...
2025-08-26T16:55:47.428Z [INFO] 🔍 Получение SIP данных для WebPhone...
2025-08-26T16:55:47.922Z [INFO] 📋 Полученные SIP данные:
2025-08-26T16:55:57.993Z [INFO] 🎯 Запуск RingCentral WebPhone Bridge...
2025-08-26T16:55:57.994Z [INFO] 📋 Конфигурация:
2025-08-26T16:55:57.994Z [INFO]    Client ID: bXCZ510zNm...
2025-08-26T16:55:57.994Z [INFO]    Server: https://platform.ringcentral.com
2025-08-26T16:55:57.995Z [INFO]    Python Server: http://localhost:5000
2025-08-26T16:55:57.995Z [INFO] 🚀 Инициализация RingCentral SDK...
2025-08-26T16:55:57.995Z [INFO] 🔐 Авторизация через JWT токен...
2025-08-26T16:55:59.029Z [INFO] ✅ RingCentral SDK успешно инициализирован
2025-08-26T16:55:59.379Z [INFO] 📞 Расширение: 102
2025-08-26T16:55:59.380Z [INFO] 👤 Пользователь: Alex Bakhronov
2025-08-26T16:55:59.380Z [INFO] 📞 Инициализация WebPhone...
2025-08-26T16:55:59.380Z [INFO] 🔍 Получение SIP данных для WebPhone...
2025-08-26T16:55:59.984Z [INFO] 📋 Полученные SIP данные:
2025-08-26T16:56:01.973Z [INFO] 🎯 Запуск RingCentral WebPhone Bridge...
2025-08-26T16:56:01.974Z [INFO] 📋 Конфигурация:
2025-08-26T16:56:01.974Z [INFO]    Client ID: bXCZ510zNm...
2025-08-26T16:56:01.975Z [INFO]    Server: https://platform.ringcentral.com
2025-08-26T16:56:01.975Z [INFO]    Python Server: http://localhost:5000
2025-08-26T16:56:01.975Z [INFO] 🚀 Инициализация RingCentral SDK...
2025-08-26T16:56:01.975Z [INFO] 🔐 Авторизация через JWT токен...
2025-08-26T16:56:02.537Z [INFO] ✅ RingCentral SDK успешно инициализирован
2025-08-26T16:56:02.929Z [INFO] 📞 Расширение: 102
2025-08-26T16:56:02.929Z [INFO] 👤 Пользователь: Alex Bakhronov
2025-08-26T16:56:02.929Z [INFO] 📞 Инициализация WebPhone...
2025-08-26T16:56:02.930Z [INFO] 🔍 Получение SIP данных для WebPhone...
2025-08-26T16:56:03.324Z [INFO] 📋 Полученные SIP данные:
2025-08-26T16:56:21.049Z [INFO] 🎯 Запуск RingCentral WebPhone Bridge...
2025-08-26T16:56:21.050Z [INFO] 📋 Конфигурация:
2025-08-26T16:56:21.050Z [INFO]    Client ID: bXCZ510zNm...
2025-08-26T16:56:21.051Z [INFO]    Server: https://platform.ringcentral.com
2025-08-26T16:56:21.051Z [INFO]    Python Server: http://localhost:5000
2025-08-26T16:56:21.051Z [INFO] 🚀 Инициализация RingCentral SDK...
2025-08-26T16:56:21.051Z [INFO] 🔐 Авторизация через JWT токен...
2025-08-26T16:56:21.930Z [INFO] ✅ RingCentral SDK успешно инициализирован
2025-08-26T16:56:22.410Z [INFO] 📞 Расширение: 102
2025-08-26T16:56:22.411Z [INFO] 👤 Пользователь: Alex Bakhronov
2025-08-26T16:56:22.411Z [INFO] 📞 Инициализация WebPhone...
2025-08-26T16:56:22.411Z [INFO] 🔍 Получение SIP данных для WebPhone...
2025-08-26T16:56:22.931Z [INFO] 📋 Полученные SIP данные:
2025-08-26T16:56:51.932Z [INFO] 🎯 Запуск RingCentral WebPhone Bridge...
2025-08-26T16:56:51.933Z [INFO] 📋 Конфигурация:
2025-08-26T16:56:51.933Z [INFO]    Client ID: bXCZ510zNm...
2025-08-26T16:56:51.933Z [INFO]    Server: https://platform.ringcentral.com
2025-08-26T16:56:51.934Z [INFO]    Python Server: http://localhost:5000
2025-08-26T16:56:51.934Z [INFO] 🚀 Инициализация RingCentral SDK...
2025-08-26T16:56:51.934Z [INFO] 🔐 Авторизация через JWT токен...
2025-08-26T16:56:52.613Z [INFO] ✅ RingCentral SDK успешно инициализирован
2025-08-26T16:56:52.966Z [INFO] 📞 Расширение: 102
2025-08-26T16:56:52.966Z [INFO] 👤 Пользователь: Alex Bakhronov
2025-08-26T16:56:52.967Z [INFO] 📞 Инициализация WebPhone...
2025-08-26T16:56:52.967Z [INFO] 🔍 Получение SIP данных для WebPhone...
2025-08-26T16:56:53.342Z [INFO] 📋 Полученные SIP данные:
2025-08-26T16:57:23.660Z [INFO] 🎯 Запуск RingCentral WebPhone Bridge...
2025-08-26T16:57:23.661Z [INFO] 📋 Конфигурация:
2025-08-26T16:57:23.661Z [INFO]    Client ID: bXCZ510zNm...
2025-08-26T16:57:23.661Z [INFO]    Server: https://platform.ringcentral.com
2025-08-26T16:57:23.662Z [INFO]    Python Server: http://localhost:5000
2025-08-26T16:57:23.662Z [INFO] 🚀 Инициализация RingCentral SDK...
2025-08-26T16:57:23.662Z [INFO] 🔐 Авторизация через JWT токен...
2025-08-26T16:57:24.398Z [INFO] ✅ RingCentral SDK успешно инициализирован
2025-08-26T16:57:24.782Z [INFO] 📞 Расширение: 102
2025-08-26T16:57:24.782Z [INFO] 👤 Пользователь: Alex Bakhronov
2025-08-26T16:57:24.782Z [INFO] 📞 Инициализация WebPhone...
2025-08-26T16:57:24.783Z [INFO] 🔍 Получение SIP данных для WebPhone...
2025-08-26T16:57:25.165Z [INFO] 📋 Полученные SIP данные:
2025-08-26T16:57:29.709Z [INFO] 🎯 Запуск RingCentral WebPhone Bridge...
2025-08-26T16:57:29.710Z [INFO] 📋 Конфигурация:
2025-08-26T16:57:29.711Z [INFO]    Client ID: bXCZ510zNm...
2025-08-26T16:57:29.711Z [INFO]    Server: https://platform.ringcentral.com
2025-08-26T16:57:29.711Z [INFO]    Python Server: http://localhost:5000
2025-08-26T16:57:29.711Z [INFO] 🚀 Инициализация RingCentral SDK...
2025-08-26T16:57:29.711Z [INFO] 🔐 Авторизация через JWT токен...
2025-08-26T16:57:30.636Z [INFO] ✅ RingCentral SDK успешно инициализирован
2025-08-26T16:57:31.133Z [INFO] 📞 Расширение: 102
2025-08-26T16:57:31.133Z [INFO] 👤 Пользователь: Alex Bakhronov
2025-08-26T16:57:31.133Z [INFO] 📞 Инициализация WebPhone...
2025-08-26T16:57:31.134Z [INFO] 🔍 Получение SIP данных для WebPhone...
2025-08-26T16:57:31.624Z [INFO] 📋 Полученные SIP данные:
2025-08-26T16:57:43.425Z [INFO] 🎯 Запуск RingCentral WebPhone Bridge...
2025-08-26T16:57:43.426Z [INFO] 📋 Конфигурация:
2025-08-26T16:57:43.426Z [INFO]    Client ID: bXCZ510zNm...
2025-08-26T16:57:43.426Z [INFO]    Server: https://platform.ringcentral.com
2025-08-26T16:57:43.426Z [INFO]    Python Server: http://localhost:5000
2025-08-26T16:57:43.426Z [INFO] 🚀 Инициализация RingCentral SDK...
2025-08-26T16:57:43.427Z [INFO] 🔐 Авторизация через JWT токен...
2025-08-26T16:57:44.361Z [INFO] ✅ RingCentral SDK успешно инициализирован
2025-08-26T16:57:44.865Z [INFO] 📞 Расширение: 102
2025-08-26T16:57:44.866Z [INFO] 👤 Пользователь: Alex Bakhronov
2025-08-26T16:57:44.866Z [INFO] 📞 Инициализация WebPhone...
2025-08-26T16:57:44.866Z [INFO] 🔍 Получение SIP данных для WebPhone...
2025-08-26T16:57:45.337Z [INFO] 📋 Полученные SIP данные:
2025-08-26T17:01:56.060Z [INFO] 🎯 Запуск RingCentral WebPhone Bridge...
2025-08-26T17:01:56.061Z [INFO] 📋 Конфигурация:
2025-08-26T17:01:56.061Z [INFO]    Client ID: bXCZ510zNm...
2025-08-26T17:01:56.061Z [INFO]    Server: https://platform.ringcentral.com
2025-08-26T17:01:56.061Z [INFO]    Python Server: http://localhost:5000
2025-08-26T17:01:56.061Z [INFO] 🚀 Инициализация RingCentral SDK...
2025-08-26T17:01:56.062Z [INFO] 🔐 Авторизация через JWT токен...
2025-08-26T17:01:56.885Z [INFO] ✅ RingCentral SDK успешно инициализирован
2025-08-26T17:01:57.253Z [INFO] 📞 Расширение: 102
2025-08-26T17:01:57.253Z [INFO] 👤 Пользователь: Alex Bakhronov
2025-08-26T17:01:57.253Z [INFO] 📞 Инициализация WebPhone...
2025-08-26T17:01:57.254Z [INFO] 🔍 Получение SIP данных для WebPhone...
2025-08-26T17:01:57.622Z [INFO] 📋 Полученные SIP данные:
2025-08-26T17:04:19.276Z [INFO] 🎯 Запуск RingCentral WebPhone Bridge...
2025-08-26T17:04:19.276Z [INFO] 📋 Конфигурация:
2025-08-26T17:04:19.277Z [INFO]    Client ID: bXCZ510zNm...
2025-08-26T17:04:19.277Z [INFO]    Server: https://platform.ringcentral.com
2025-08-26T17:04:19.277Z [INFO]    Python Server: http://localhost:5000
2025-08-26T17:04:19.277Z [INFO] 🚀 Инициализация RingCentral SDK...
2025-08-26T17:04:19.277Z [INFO] 🔐 Авторизация через JWT токен...
2025-08-26T17:04:20.300Z [INFO] ✅ RingCentral SDK успешно инициализирован
2025-08-26T17:04:20.766Z [INFO] 📞 Расширение: 102
2025-08-26T17:04:20.766Z [INFO] 👤 Пользователь: Alex Bakhronov
2025-08-26T17:04:20.766Z [INFO] 📞 Инициализация WebPhone...
2025-08-26T17:04:20.766Z [INFO] 🔍 Получение SIP данных для WebPhone...
2025-08-26T17:04:21.256Z [INFO] ✅ SIP данные получены успешно
2025-08-26T17:38:40.367Z [INFO] 🎯 Запуск RingCentral WebPhone Bridge...
2025-08-26T17:38:40.368Z [INFO] 📋 Конфигурация:
2025-08-26T17:38:40.368Z [INFO]    Client ID: bXCZ510zNm...
2025-08-26T17:38:40.369Z [INFO]    Server: https://platform.ringcentral.com
2025-08-26T17:38:40.369Z [INFO]    Python Server: http://localhost:5000
2025-08-26T17:38:40.369Z [INFO] 🚀 Инициализация RingCentral SDK...
2025-08-26T17:38:40.369Z [INFO] 🔐 Авторизация через JWT токен...
2025-08-26T17:38:41.173Z [INFO] ✅ RingCentral SDK успешно инициализирован
2025-08-26T17:38:41.519Z [INFO] 📞 Расширение: 102
2025-08-26T17:38:41.519Z [INFO] 👤 Пользователь: Alex Bakhronov
2025-08-26T17:38:41.520Z [INFO] 📞 Инициализация WebPhone...
2025-08-26T17:38:41.520Z [INFO] 🔍 Получение SIP данных для WebPhone...
2025-08-26T17:38:41.903Z [INFO] ✅ SIP данные получены успешно
2025-08-26T17:39:26.779Z [INFO] 🎯 Запуск RingCentral WebPhone Bridge...
2025-08-26T17:39:26.780Z [INFO] 📋 Конфигурация:
2025-08-26T17:39:26.780Z [INFO]    Client ID: bXCZ510zNm...
2025-08-26T17:39:26.780Z [INFO]    Server: https://platform.ringcentral.com
2025-08-26T17:39:26.781Z [INFO]    Python Server: http://localhost:5000
2025-08-26T17:39:26.781Z [INFO] 🚀 Инициализация RingCentral SDK...
2025-08-26T17:39:26.781Z [INFO] 🔐 Авторизация через JWT токен...
2025-08-26T17:39:27.462Z [INFO] ✅ RingCentral SDK успешно инициализирован
2025-08-26T17:39:27.810Z [INFO] 📞 Расширение: 102
2025-08-26T17:39:27.810Z [INFO] 👤 Пользователь: Alex Bakhronov
2025-08-26T17:39:27.810Z [INFO] 📞 Инициализация WebPhone...
2025-08-26T17:39:27.811Z [INFO] 🔍 Получение SIP данных для WebPhone...
2025-08-26T17:39:28.173Z [INFO] ✅ SIP данные получены успешно
2025-08-26T17:39:28.173Z [INFO] 🔧 SIP Username: 15135725833*102
2025-08-26T17:39:28.173Z [INFO] 🔧 SIP Domain: sip.ringcentral.com
2025-08-26T17:39:28.173Z [INFO] 🔧 SIP Proxy: sip221-1111.ringcentral.com:8083
2025-08-26T17:39:28.174Z [INFO] 🔧 Конфигурация WebPhone:
2025-08-26T17:39:28.174Z [INFO] ✅ Создаем WebPhone с полными SIP данными...
2025-08-26T17:39:28.181Z [INFO] ✅ WebPhone успешно инициализирован
2025-08-26T17:39:28.186Z [INFO] 🩺 Мониторинг здоровья запущен (интервал: 30000ms)
2025-08-26T17:39:28.186Z [INFO] ✅ WebPhone Bridge успешно запущен и готов принимать звонки!
2025-08-26T17:39:28.186Z [INFO] 🎯 Ожидание входящих звонков...
2025-08-26T17:39:28.186Z [INFO] 🌐 WebSocket сервер запущен на порту 8081
2025-08-26T17:39:58.208Z [ERROR] ❌ Ошибка проверки здоровья: webPhone.isConnected is not a function
2025-08-26T17:40:28.209Z [ERROR] ❌ Ошибка проверки здоровья: webPhone.isConnected is not a function
2025-08-26T17:40:49.681Z [INFO] 🛑 Получен сигнал завершения...
2025-08-26T17:41:17.793Z [INFO] 🎯 Запуск RingCentral WebPhone Bridge...
2025-08-26T17:41:17.794Z [INFO] 📋 Конфигурация:
2025-08-26T17:41:17.794Z [INFO]    Client ID: bXCZ510zNm...
2025-08-26T17:41:17.795Z [INFO]    Server: https://platform.ringcentral.com
2025-08-26T17:41:17.795Z [INFO]    Python Server: http://localhost:5000
2025-08-26T17:41:17.795Z [INFO] 🚀 Инициализация RingCentral SDK...
2025-08-26T17:41:17.795Z [INFO] 🔐 Авторизация через JWT токен...
2025-08-26T17:41:18.438Z [INFO] ✅ RingCentral SDK успешно инициализирован
2025-08-26T17:41:18.799Z [INFO] 📞 Расширение: 102
2025-08-26T17:41:18.799Z [INFO] 👤 Пользователь: Alex Bakhronov
2025-08-26T17:41:18.799Z [INFO] 📞 Инициализация WebPhone...
2025-08-26T17:41:18.799Z [INFO] 🔍 Получение SIP данных для WebPhone...
2025-08-26T17:41:19.183Z [INFO] ✅ SIP данные получены успешно
2025-08-26T17:41:19.183Z [INFO] 🔧 SIP Username: 15135725833*102
2025-08-26T17:41:19.183Z [INFO] 🔧 SIP Domain: sip.ringcentral.com
2025-08-26T17:41:19.183Z [INFO] 🔧 SIP Proxy: sip221-1111.ringcentral.com:8083
2025-08-26T17:41:19.183Z [INFO] 🔧 Конфигурация WebPhone:
2025-08-26T17:41:19.183Z [INFO] ✅ Создаем WebPhone с полными SIP данными...
2025-08-26T17:41:19.187Z [INFO] 🔄 Запуск регистрации WebPhone...
2025-08-26T17:41:19.188Z [ERROR] ❌ Ошибка запуска UserAgent: Cannot read properties of undefined (reading 'start')
2025-08-26T17:41:19.188Z [INFO] ✅ WebPhone успешно инициализирован
2025-08-26T17:41:19.192Z [INFO] 🩺 Мониторинг здоровья запущен (интервал: 30000ms)
2025-08-26T17:41:19.193Z [INFO] ✅ WebPhone Bridge успешно запущен и готов принимать звонки!
2025-08-26T17:41:19.193Z [INFO] 🎯 Ожидание входящих звонков...
2025-08-26T17:41:19.193Z [INFO] 🌐 WebSocket сервер запущен на порту 8081
2025-08-26T17:41:47.951Z [INFO] 🎯 Запуск RingCentral WebPhone Bridge...
2025-08-26T17:41:47.952Z [INFO] 📋 Конфигурация:
2025-08-26T17:41:47.952Z [INFO]    Client ID: bXCZ510zNm...
2025-08-26T17:41:47.952Z [INFO]    Server: https://platform.ringcentral.com
2025-08-26T17:41:47.952Z [INFO]    Python Server: http://localhost:5000
2025-08-26T17:41:47.952Z [INFO] 🚀 Инициализация RingCentral SDK...
2025-08-26T17:41:47.953Z [INFO] 🔐 Авторизация через JWT токен...
2025-08-26T17:41:48.883Z [INFO] ✅ RingCentral SDK успешно инициализирован
2025-08-26T17:41:49.216Z [ERROR] ❌ Ошибка проверки здоровья: webPhone.isConnected is not a function
2025-08-26T17:41:49.369Z [INFO] 📞 Расширение: 102
2025-08-26T17:41:49.369Z [INFO] 👤 Пользователь: Alex Bakhronov
2025-08-26T17:41:49.369Z [INFO] 📞 Инициализация WebPhone...
2025-08-26T17:41:49.369Z [INFO] 🔍 Получение SIP данных для WebPhone...
2025-08-26T17:41:49.834Z [INFO] ✅ SIP данные получены успешно
2025-08-26T17:42:19.244Z [ERROR] ❌ Ошибка проверки здоровья: webPhone.isConnected is not a function
2025-08-26T17:42:21.494Z [INFO] 🛑 Получен сигнал завершения...
2025-08-26T17:42:22.112Z [INFO] 🎯 Запуск RingCentral WebPhone Bridge...
2025-08-26T17:42:22.113Z [INFO] 📋 Конфигурация:
2025-08-26T17:42:22.113Z [INFO]    Client ID: bXCZ510zNm...
2025-08-26T17:42:22.113Z [INFO]    Server: https://platform.ringcentral.com
2025-08-26T17:42:22.113Z [INFO]    Python Server: http://localhost:5000
2025-08-26T17:42:22.113Z [INFO] 🚀 Инициализация RingCentral SDK...
2025-08-26T17:42:22.114Z [INFO] 🔐 Авторизация через JWT токен...
2025-08-26T17:42:24.295Z [INFO] ✅ RingCentral SDK успешно инициализирован
2025-08-26T17:42:24.862Z [INFO] 📞 Расширение: 102
2025-08-26T17:42:24.862Z [INFO] 👤 Пользователь: Alex Bakhronov
2025-08-26T17:42:24.863Z [INFO] 📞 Инициализация WebPhone...
2025-08-26T17:42:24.863Z [INFO] 🔍 Получение SIP данных для WebPhone...
2025-08-26T17:42:25.332Z [INFO] ✅ SIP данные получены успешно
2025-08-26T17:42:25.332Z [INFO] 🔧 SIP Username: 15135725833*102
2025-08-26T17:42:25.333Z [INFO] 🔧 SIP Domain: sip.ringcentral.com
2025-08-26T17:42:25.333Z [INFO] 🔧 SIP Proxy: sip213-1111.ringcentral.com:8083
2025-08-26T17:42:25.333Z [INFO] 🔧 Конфигурация WebPhone:
2025-08-26T17:42:25.333Z [INFO] ✅ Создаем WebPhone с полными SIP данными...
2025-08-26T17:42:25.337Z [INFO] 🔄 Запуск регистрации WebPhone...
2025-08-26T17:42:25.338Z [ERROR] ❌ Ошибка запуска WebPhone: WebSocket is not defined
2025-08-26T17:42:25.338Z [ERROR] ❌ Stack trace: ReferenceError: WebSocket is not defined
    at DefaultSipClient.connect (/home/whoami/prj/voiceai/webphone-bridge/node_modules/ringcentral-web-phone/dist/cjs/sip-client.js:39:24)
    at DefaultSipClient.start (/home/whoami/prj/voiceai/webphone-bridge/node_modules/ringcentral-web-phone/dist/cjs/sip-client.js:28:20)
    at WebPhone.start (/home/whoami/prj/voiceai/webphone-bridge/node_modules/ringcentral-web-phone/dist/cjs/index.js:94:30)
    at initializeWebPhone (/home/whoami/prj/voiceai/webphone-bridge/webphone_bridge.js:150:32)
    at process.processTicksAndRejections (node:internal/process/task_queues:95:5)
    at async main (/home/whoami/prj/voiceai/webphone-bridge/webphone_bridge.js:667:27)
2025-08-26T17:42:25.338Z [INFO] ✅ WebPhone успешно инициализирован
2025-08-26T17:42:25.342Z [INFO] 🩺 Мониторинг здоровья запущен (интервал: 30000ms)
2025-08-26T17:42:25.342Z [INFO] ✅ WebPhone Bridge успешно запущен и готов принимать звонки!
2025-08-26T17:42:25.342Z [INFO] 🎯 Ожидание входящих звонков...
2025-08-26T17:42:25.343Z [INFO] 🌐 WebSocket сервер запущен на порту 8081
2025-08-26T17:42:55.368Z [ERROR] ❌ Ошибка проверки здоровья: webPhone.isConnected is not a function
2025-08-26T17:42:58.803Z [INFO] 🛑 Получен сигнал завершения...
2025-08-26T17:43:07.327Z [INFO] 🎯 Запуск RingCentral WebPhone Bridge...
2025-08-26T17:43:07.329Z [INFO] 📋 Конфигурация:
2025-08-26T17:43:07.329Z [INFO]    Client ID: bXCZ510zNm...
2025-08-26T17:43:07.329Z [INFO]    Server: https://platform.ringcentral.com
2025-08-26T17:43:07.329Z [INFO]    Python Server: http://localhost:5000
2025-08-26T17:43:07.330Z [INFO] 🚀 Инициализация RingCentral SDK...
2025-08-26T17:43:07.330Z [INFO] 🔐 Авторизация через JWT токен...
2025-08-26T17:43:08.023Z [INFO] ✅ RingCentral SDK успешно инициализирован
2025-08-26T17:43:08.371Z [INFO] 📞 Расширение: 102
2025-08-26T17:43:08.371Z [INFO] 👤 Пользователь: Alex Bakhronov
2025-08-26T17:43:08.372Z [INFO] 📞 Инициализация WebPhone...
2025-08-26T17:43:08.372Z [INFO] 🔍 Получение SIP данных для WebPhone...
2025-08-26T17:43:08.764Z [INFO] ✅ SIP данные получены успешно
2025-08-26T17:43:08.765Z [INFO] 🔧 SIP Username: 15135725833*102
2025-08-26T17:43:08.765Z [INFO] 🔧 SIP Domain: sip.ringcentral.com
2025-08-26T17:43:08.765Z [INFO] 🔧 SIP Proxy: sip232-1111.ringcentral.com:8083
2025-08-26T17:43:08.765Z [INFO] 🔧 Конфигурация WebPhone:
2025-08-26T17:43:08.765Z [INFO] ✅ Создаем WebPhone с полными SIP данными...
2025-08-26T17:43:08.769Z [INFO] 🔄 Запуск регистрации WebPhone...
2025-08-26T17:43:09.225Z [ERROR] ❌ Ошибка запуска WebPhone: getaddrinfo ENOTFOUND undefined
2025-08-26T17:43:09.225Z [ERROR] ❌ Stack trace: undefined
2025-08-26T17:43:09.226Z [INFO] ✅ WebPhone успешно инициализирован
2025-08-26T17:43:09.231Z [INFO] 🩺 Мониторинг здоровья запущен (интервал: 30000ms)
2025-08-26T17:43:09.231Z [INFO] ✅ WebPhone Bridge успешно запущен и готов принимать звонки!
2025-08-26T17:43:09.231Z [INFO] 🎯 Ожидание входящих звонков...
2025-08-26T17:43:09.231Z [INFO] 🌐 WebSocket сервер запущен на порту 8081
2025-08-26T17:43:39.252Z [ERROR] ❌ Ошибка проверки здоровья: webPhone.isConnected is not a function
2025-08-26T17:43:42.578Z [INFO] 🛑 Получен сигнал завершения...
2025-08-26T17:43:43.611Z [INFO] 🎯 Запуск RingCentral WebPhone Bridge...
2025-08-26T17:43:43.612Z [INFO] 📋 Конфигурация:
2025-08-26T17:43:43.612Z [INFO]    Client ID: bXCZ510zNm...
2025-08-26T17:43:43.612Z [INFO]    Server: https://platform.ringcentral.com
2025-08-26T17:43:43.612Z [INFO]    Python Server: http://localhost:5000
2025-08-26T17:43:43.612Z [INFO] 🚀 Инициализация RingCentral SDK...
2025-08-26T17:43:43.613Z [INFO] 🔐 Авторизация через JWT токен...
2025-08-26T17:43:44.363Z [INFO] ✅ RingCentral SDK успешно инициализирован
2025-08-26T17:43:44.718Z [INFO] 📞 Расширение: 102
2025-08-26T17:43:44.718Z [INFO] 👤 Пользователь: Alex Bakhronov
2025-08-26T17:43:44.719Z [INFO] 📞 Инициализация WebPhone...
2025-08-26T17:43:44.719Z [INFO] 🔍 Получение SIP данных для WebPhone...
2025-08-26T17:43:45.093Z [INFO] ✅ SIP данные получены успешно
2025-08-26T17:44:21.817Z [INFO] 🎯 Запуск RingCentral WebPhone Bridge...
2025-08-26T17:44:21.818Z [INFO] 📋 Конфигурация:
2025-08-26T17:44:21.818Z [INFO]    Client ID: bXCZ510zNm...
2025-08-26T17:44:21.818Z [INFO]    Server: https://platform.ringcentral.com
2025-08-26T17:44:21.818Z [INFO]    Python Server: http://localhost:5000
2025-08-26T17:44:21.818Z [INFO] 🚀 Инициализация RingCentral SDK...
2025-08-26T17:44:21.819Z [INFO] 🔐 Авторизация через JWT токен...
2025-08-26T17:44:22.455Z [INFO] ✅ RingCentral SDK успешно инициализирован
2025-08-26T17:44:22.818Z [INFO] 📞 Расширение: 102
2025-08-26T17:44:22.818Z [INFO] 👤 Пользователь: Alex Bakhronov
2025-08-26T17:44:22.819Z [INFO] 📞 Инициализация WebPhone...
2025-08-26T17:44:22.819Z [INFO] 🔍 Получение SIP данных для WebPhone...
2025-08-26T17:44:23.225Z [INFO] ✅ SIP данные получены успешно
2025-08-26T17:44:23.225Z [INFO] 🔧 SIP Username: 15135725833*102
2025-08-26T17:44:23.226Z [INFO] 🔧 SIP Domain: sip.ringcentral.com
2025-08-26T17:44:23.226Z [INFO] 🔧 SIP Proxy: sip221-1111.ringcentral.com:8083
2025-08-26T17:44:23.226Z [INFO] 🔧 Конфигурация WebPhone:
2025-08-26T17:44:23.226Z [INFO] ✅ Создаем WebPhone с полными SIP данными...
2025-08-26T17:44:23.233Z [INFO] 🔄 Запуск регистрации WebPhone...
2025-08-26T17:44:24.056Z [ERROR] ❌ Ошибка запуска WebPhone: getaddrinfo ENOTFOUND undefined
2025-08-26T17:44:24.057Z [ERROR] ❌ Stack trace: undefined
2025-08-26T17:44:24.057Z [INFO] ✅ WebPhone успешно инициализирован
2025-08-26T17:44:24.062Z [INFO] 🩺 Мониторинг здоровья запущен (интервал: 30000ms)
2025-08-26T17:44:24.062Z [INFO] ✅ WebPhone Bridge успешно запущен и готов принимать звонки!
2025-08-26T17:44:24.062Z [INFO] 🎯 Ожидание входящих звонков...
2025-08-26T17:44:24.063Z [INFO] 🌐 WebSocket сервер запущен на порту 8081
2025-08-26T17:44:52.176Z [INFO] 🛑 Получен сигнал завершения...
2025-08-26T17:44:52.741Z [INFO] 🎯 Запуск RingCentral WebPhone Bridge...
2025-08-26T17:44:52.742Z [INFO] 📋 Конфигурация:
2025-08-26T17:44:52.742Z [INFO]    Client ID: bXCZ510zNm...
2025-08-26T17:44:52.742Z [INFO]    Server: https://platform.ringcentral.com
2025-08-26T17:44:52.742Z [INFO]    Python Server: http://localhost:5000
2025-08-26T17:44:52.742Z [INFO] 🚀 Инициализация RingCentral SDK...
2025-08-26T17:44:52.743Z [INFO] 🔐 Авторизация через JWT токен...
2025-08-26T17:44:53.424Z [INFO] ✅ RingCentral SDK успешно инициализирован
2025-08-26T17:44:53.801Z [INFO] 📞 Расширение: 102
2025-08-26T17:44:53.801Z [INFO] 👤 Пользователь: Alex Bakhronov
2025-08-26T17:44:53.802Z [INFO] 📞 Инициализация WebPhone...
2025-08-26T17:44:53.802Z [INFO] 🔍 Получение SIP данных для WebPhone...
2025-08-26T17:44:54.213Z [INFO] ✅ SIP данные получены успешно
2025-08-26T17:45:02.214Z [INFO] 🎯 Запуск RingCentral WebPhone Bridge...
2025-08-26T17:45:02.215Z [INFO] 📋 Конфигурация:
2025-08-26T17:45:02.216Z [INFO]    Client ID: bXCZ510zNm...
2025-08-26T17:45:02.216Z [INFO]    Server: https://platform.ringcentral.com
2025-08-26T17:45:02.216Z [INFO]    Python Server: http://localhost:5000
2025-08-26T17:45:02.216Z [INFO] 🚀 Инициализация RingCentral SDK...
2025-08-26T17:45:02.217Z [INFO] 🔐 Авторизация через JWT токен...
2025-08-26T17:45:02.923Z [INFO] ✅ RingCentral SDK успешно инициализирован
2025-08-26T17:45:03.273Z [INFO] 📞 Расширение: 102
2025-08-26T17:45:03.274Z [INFO] 👤 Пользователь: Alex Bakhronov
2025-08-26T17:45:03.274Z [INFO] 📞 Инициализация WebPhone...
2025-08-26T17:45:03.274Z [INFO] 🔍 Получение SIP данных для WebPhone...
2025-08-26T17:45:03.670Z [INFO] ✅ SIP данные получены успешно
2025-08-26T17:45:10.879Z [INFO] 🎯 Запуск RingCentral WebPhone Bridge...
2025-08-26T17:45:10.880Z [INFO] 📋 Конфигурация:
2025-08-26T17:45:10.880Z [INFO]    Client ID: bXCZ510zNm...
2025-08-26T17:45:10.881Z [INFO]    Server: https://platform.ringcentral.com
2025-08-26T17:45:10.881Z [INFO]    Python Server: http://localhost:5000
2025-08-26T17:45:10.881Z [INFO] 🚀 Инициализация RingCentral SDK...
2025-08-26T17:45:10.881Z [INFO] 🔐 Авторизация через JWT токен...
2025-08-26T17:45:11.753Z [INFO] ✅ RingCentral SDK успешно инициализирован
2025-08-26T17:45:12.259Z [INFO] 📞 Расширение: 102
2025-08-26T17:45:12.260Z [INFO] 👤 Пользователь: Alex Bakhronov
2025-08-26T17:45:12.260Z [INFO] 📞 Инициализация WebPhone...
2025-08-26T17:45:12.260Z [INFO] 🔍 Получение SIP данных для WebPhone...
2025-08-26T17:45:12.767Z [INFO] ✅ SIP данные получены успешно
2025-08-26T17:45:16.537Z [INFO] 🎯 Запуск RingCentral WebPhone Bridge...
2025-08-26T17:45:16.538Z [INFO] 📋 Конфигурация:
2025-08-26T17:45:16.538Z [INFO]    Client ID: bXCZ510zNm...
2025-08-26T17:45:16.538Z [INFO]    Server: https://platform.ringcentral.com
2025-08-26T17:45:16.538Z [INFO]    Python Server: http://localhost:5000
2025-08-26T17:45:16.539Z [INFO] 🚀 Инициализация RingCentral SDK...
2025-08-26T17:45:16.539Z [INFO] 🔐 Авторизация через JWT токен...
2025-08-26T17:45:17.253Z [INFO] ✅ RingCentral SDK успешно инициализирован
2025-08-26T17:45:17.655Z [INFO] 📞 Расширение: 102
2025-08-26T17:45:17.655Z [INFO] 👤 Пользователь: Alex Bakhronov
2025-08-26T17:45:17.656Z [INFO] 📞 Инициализация WebPhone...
2025-08-26T17:45:17.656Z [INFO] 🔍 Получение SIP данных для WebPhone...
2025-08-26T17:45:18.048Z [INFO] ✅ SIP данные получены успешно
2025-08-26T17:45:57.629Z [INFO] 🎯 Запуск RingCentral WebPhone Bridge...
2025-08-26T17:45:57.630Z [INFO] 📋 Конфигурация:
2025-08-26T17:45:57.630Z [INFO]    Client ID: bXCZ510zNm...
2025-08-26T17:45:57.630Z [INFO]    Server: https://platform.ringcentral.com
2025-08-26T17:45:57.631Z [INFO]    Python Server: http://localhost:5000
2025-08-26T17:45:57.631Z [INFO] 🚀 Инициализация RingCentral SDK...
2025-08-26T17:45:57.631Z [INFO] 🔐 Авторизация через JWT токен...
2025-08-26T17:45:58.319Z [INFO] ✅ RingCentral SDK успешно инициализирован
2025-08-26T17:45:58.713Z [INFO] 📞 Расширение: 102
2025-08-26T17:45:58.713Z [INFO] 👤 Пользователь: Alex Bakhronov
2025-08-26T17:45:58.714Z [INFO] 📞 Инициализация WebPhone...
2025-08-26T17:45:58.714Z [INFO] 🔍 Получение SIP данных для WebPhone...
2025-08-26T17:45:59.156Z [INFO] ✅ SIP данные получены успешно
2025-08-26T17:45:59.156Z [INFO] 🔧 SIP Username: 15135725833*102
2025-08-26T17:45:59.156Z [INFO] 🔧 SIP Domain: sip.ringcentral.com
2025-08-26T17:45:59.156Z [INFO] 🔧 SIP Proxy: sip221-1111.ringcentral.com:8083
2025-08-26T17:45:59.157Z [INFO] 🔧 Конфигурация WebPhone:
2025-08-26T17:45:59.157Z [INFO] ✅ Создаем WebPhone с полными SIP данными...
2025-08-26T17:45:59.162Z [INFO] 🔄 Запуск регистрации WebPhone...
2025-08-26T17:46:00.623Z [INFO] ✅ WebPhone запущен через webPhone.start()
