nohup: ignoring input
2025-08-26T20:11:19.733Z [INFO] 🎯 Запуск RingCentral WebPhone Bridge...
2025-08-26T20:11:19.734Z [INFO] 📋 Конфигурация:
2025-08-26T20:11:19.734Z [INFO]    Client ID: bXCZ510zNm...
2025-08-26T20:11:19.734Z [INFO]    Server: https://platform.ringcentral.com
2025-08-26T20:11:19.734Z [INFO]    Python Server: http://localhost:5000
2025-08-26T20:11:19.734Z [INFO] 🚀 Инициализация RingCentral SDK...
2025-08-26T20:11:19.735Z [INFO] 🔐 Авторизация через JWT токен...
2025-08-26T20:11:19.819Z [INFO] ✅ RingCentral SDK успешно инициализирован
2025-08-26T20:11:19.853Z [INFO] 📞 Расширение: 102
2025-08-26T20:11:19.853Z [INFO] 👤 Пользователь: Alex Bakhronov
2025-08-26T20:11:19.853Z [INFO] 📱 Device ID будет получен при регистрации через SIP Provision API
2025-08-26T20:11:19.853Z [INFO] 📞 Инициализация WebPhone...
2025-08-26T20:11:19.854Z [WARN] ⚠️ Не удалось определить версию WebPhone SDK
2025-08-26T20:11:19.854Z [INFO] 🔧 WebPhone конструктор: function
2025-08-26T20:11:19.854Z [INFO] 🔧 WebPhone прототип: 
2025-08-26T20:11:19.854Z [INFO] 🔍 Начинаем процесс регистрации SIP устройства...
2025-08-26T20:11:19.854Z [INFO] 📱 Регистрация устройства в RingCentral...
🔍 ПОЛНЫЕ SIP ДАННЫЕ: {
  "device": {
    "uri": "https://platform.ringcentral.com/restapi/v1.0/account/1861766019/device/805313687019",
    "id": "805313687019",
    "type": "WebPhone",
    "status": "Online",
    "extension": {
      "uri": "https://platform.ringcentral.com/restapi/v1.0/account/1861766019/extension/2069909019",
      "id": 2069909019,
      "extensionNumber": "102"
    },
    "phoneLines": [
      {
        "id": "1336058019",
        "lineType": "Standalone",
        "emergencyAddress": {
          "required": true,
          "localOnly": false,
          "lineProvisioningStatus": "Valid"
        },
        "phoneInfo": {
          "id": 1997099019,
          "phoneNumber": "+15139283626",
          "paymentType": "Local",
          "type": "VoiceFax",
          "usageType": "DirectNumber",
          "country": {
            "uri": "https://platform.ringcentral.com/restapi/v1.0/dictionary/country/1",
            "id": "1",
            "name": "United States"
          }
        }
      }
    ],
    "emergency": {
      "address": {
        "street": "3147 SKYVIEW DR",
        "city": "MASON",
        "state": "OH",
        "stateId": "47",
        "stateIsoCode": "OH",
        "stateName": "Ohio",
        "country": "US",
        "countryId": "1",
        "countryIsoCode": "US",
        "countryName": "United States",
        "zip": "45040",
        "customerName": "Farkhad Zhorobaev"
      },
      "location": {
        "id": "24317019"
      },
      "outOfCountry": false,
      "addressStatus": "Valid",
      "addressEditableStatus": "MainDevice",
      "visibility": "Public"
    },
    "emergencyServiceAddress": {
      "street": "3147 SKYVIEW DR",
      "city": "MASON",
      "state": "OH",
      "stateId": "47",
      "stateIsoCode": "OH",
      "stateName": "Ohio",
      "country": "US",
      "countryId": "1",
      "countryIsoCode": "US",
      "countryName": "United States",
      "zip": "45040",
      "customerName": "Farkhad Zhorobaev",
      "outOfCountry": false
    },
    "linePooling": "Guest",
    "hotDeskDevice": false
  },
  "sipInfo": [
    {
      "transport": "WSS",
      "username": "15135725833*102",
      "password": "g7qRBwN",
      "authorizationTypes": [
        "SipDigest"
      ],
      "authorizationId": "805313687019",
      "domain": "sip.ringcentral.com",
      "outboundProxy": "sip121-1111.ringcentral.com:8083",
      "outboundProxyBackup": "sip112-1231.ringcentral.com:8083",
      "stunServers": [
        "stun1.ringcentral.com:19302",
        "stun2.ringcentral.com:19302"
      ]
    }
  ],
  "sipInfoPstn": [],
  "sipFlags": {
    "voipFeatureEnabled": true,
    "voipCountryBlocked": false,
    "outboundCallsEnabled": false,
    "dscpEnabled": true,
    "dscpSignaling": 26,
    "dscpVoice": 46,
    "dscpVideo": 34
  },
  "sipErrorCodes": [
    "408"
  ]
}
2025-08-26T20:11:19.927Z [INFO] 🔍 Проверка статуса зарегистрированного устройства...
2025-08-26T20:11:19.927Z [INFO] 📱 Device ID: 805313687019
2025-08-26T20:11:19.927Z [INFO] 📱 Device Type: WebPhone
2025-08-26T20:11:19.927Z [INFO] 📱 Device Status: Online
2025-08-26T20:11:19.927Z [INFO] 📱 Extension: 102
2025-08-26T20:11:19.927Z [INFO] ✅ Устройство успешно зарегистрировано в RingCentral
2025-08-26T20:11:19.927Z [INFO] 🔧 SIP Username: 15135725833*102
2025-08-26T20:11:19.928Z [INFO] 🔧 SIP Domain: sip.ringcentral.com
2025-08-26T20:11:19.928Z [INFO] 🔧 SIP Proxy: sip121-1111.ringcentral.com:8083
2025-08-26T20:11:19.928Z [INFO] 🔧 Authorization ID: 805313687019
2025-08-26T20:11:19.928Z [INFO] 🚩 SIP Flags:
2025-08-26T20:11:19.928Z [INFO] ✅ SIP устройство полностью зарегистрировано и готово к работе
2025-08-26T20:11:19.928Z [INFO] 🔍 Структура sipInfo:
2025-08-26T20:11:19.928Z [INFO] 🔧 Конфигурация WebPhone:
2025-08-26T20:11:19.928Z [INFO] ✅ Создаем WebPhone с полными SIP данными...
2025-08-26T20:11:19.928Z [INFO] 🔧 WebPhone опции:
2025-08-26T20:11:19.928Z [INFO] 🔧 Создаем WebPhone с расширенными опциями...
2025-08-26T20:11:19.930Z [INFO] 🔍 Диагностика WebPhone объекта:
2025-08-26T20:11:19.930Z [INFO]    - webPhone: object
2025-08-26T20:11:19.930Z [INFO]    - webPhone keys: listeners, tempListeners, sipInfo, sipClient, deviceManager, callSessions, autoAnswer, options, disposed
2025-08-26T20:11:19.930Z [INFO] ✅ Найден sipClient в WebPhone
2025-08-26T20:11:19.931Z [INFO] 🔍 sipClient свойства: listeners, tempListeners, disposed, wsc, sipInfo, instanceId, debug, timeoutHandle, useBackupOutboundProxy
2025-08-26T20:11:19.931Z [INFO] ✅ userAgent успешно создан
2025-08-26T20:11:19.931Z [INFO] 🔍 Структура WebPhone объекта:
2025-08-26T20:11:19.931Z [INFO]    - webPhone: object
2025-08-26T20:11:19.931Z [INFO]    - userAgent: object
2025-08-26T20:11:19.931Z [INFO]    - userAgent.state: undefined
2025-08-26T20:11:19.931Z [INFO]    - userAgent.isRegistered: undefined
2025-08-26T20:11:19.931Z [INFO] 🔧 Настройка обработчиков UserAgent для входящих звонков...
2025-08-26T20:11:19.931Z [INFO] 🔄 Запуск регистрации WebPhone...
2025-08-26T20:11:19.931Z [INFO] 🔍 Доступные методы WebPhone:
2025-08-26T20:11:19.931Z [INFO]    - webPhone.start: function
2025-08-26T20:11:19.931Z [INFO]    - webPhone.register: undefined
2025-08-26T20:11:19.931Z [INFO]    - webPhone.userAgent.start: function
2025-08-26T20:11:19.931Z [INFO]    - webPhone.userAgent.register: function
2025-08-26T20:11:19.931Z [INFO]    - webPhone.sipClient: object
2025-08-26T20:11:19.959Z [INFO] 🔍 SipClient Event: outboundMessage
2025-08-26T20:11:19.969Z [INFO] 🔍 SipClient Event: inboundMessage
2025-08-26T20:11:19.987Z [INFO] 🔍 SipClient Event: inboundMessage
2025-08-26T20:11:19.988Z [INFO] 🔍 SipClient Event: outboundMessage
2025-08-26T20:11:19.999Z [INFO] 🔍 SipClient Event: inboundMessage
2025-08-26T20:11:20.038Z [INFO] 🔍 SipClient Event: inboundMessage
2025-08-26T20:11:20.038Z [INFO] ✅ WebPhone запущен через webPhone.start()
2025-08-26T20:11:20.039Z [INFO] 🔄 Инициируем принудительную SIP регистрацию...
2025-08-26T20:11:20.039Z [INFO] 🔍 SipClient Event: outboundMessage
2025-08-26T20:11:20.055Z [INFO] 🔍 SipClient Event: inboundMessage
2025-08-26T20:11:20.055Z [INFO] ✅ SIP регистрация инициирована через sipClient.register()
2025-08-26T20:11:20.055Z [INFO] ✅ WebPhone успешно инициализирован
2025-08-26T20:11:20.058Z [INFO] 🩺 Мониторинг здоровья запущен (интервал: 30000ms)
2025-08-26T20:11:20.058Z [INFO] ⏰ Запуск мониторинга устройства с интервалом 300 секунд
2025-08-26T20:11:20.058Z [INFO] ✅ WebPhone Bridge успешно запущен и готов принимать звонки!
2025-08-26T20:11:20.058Z [INFO] 🎯 Ожидание входящих звонков...
2025-08-26T20:11:20.058Z [INFO] 🌐 WebSocket сервер запущен на порту 8081
2025-08-26T20:11:22.058Z [INFO] 📊 Статус WebPhone после инициализации: {"webPhoneExists":true,"isRegistered":false,"userAgentExists":true,"sipClientExists":true,"activeCalls":0,"maxCalls":5,"deviceRegistered":true,"deviceId":"805313687019","deviceStatus":"Online","pollingInterval":null,"userAgentState":"unknown","userAgentRegistered":"method_not_available"}
2025-08-26T20:11:22.058Z [INFO] 🔍 Дополнительная диагностика sipClient:
2025-08-26T20:11:22.058Z [INFO]    - wsc: object
2025-08-26T20:11:22.058Z [INFO]    - disposed: false
2025-08-26T20:11:22.058Z [INFO]    - instanceId: 805313687019
2025-08-26T20:11:22.058Z [INFO]    - timeoutHandle: 398
2025-08-26T20:11:22.058Z [INFO]    - wsc.readyState: 1
2025-08-26T20:11:22.058Z [INFO]    - wsc.url: wss://sip121-1111.ringcentral.com:8083/
2025-08-26T20:11:22.058Z [INFO] ✅ WebSocket соединение активно, устанавливаем флаг регистрации
2025-08-26T20:11:23.059Z [INFO] 🔄 Принудительная регистрация устройства через SIP Provision API...
2025-08-26T20:11:23.059Z [INFO] 📋 Отправляем запрос на регистрацию:
2025-08-26T20:11:23.139Z [INFO] ✅ Устройство успешно зарегистрировано через SIP Provision API
2025-08-26T20:11:23.139Z [INFO] 📋 Результат регистрации:
2025-08-26T20:11:23.139Z [INFO] 📱 Обновлен Device ID: 805313687019
2025-08-26T20:11:23.139Z [INFO] 🔄 Обновляем SIP данные WebPhone...
2025-08-26T20:11:23.139Z [INFO] 🔄 Обновление WebPhone с новыми SIP данными...
2025-08-26T20:11:23.139Z [INFO] ✅ SIP данные обновлены в sipClient
2025-08-26T20:11:23.139Z [INFO] 🔍 SipClient Event: outboundMessage
2025-08-26T20:11:23.142Z [INFO] 🔍 SipClient Event: inboundMessage
2025-08-26T20:11:23.142Z [INFO] ✅ sipClient перерегистрирован с новыми данными
